CRITICAL - 2022-04-01 13:09:21 --> Call to undefined method CodeIgniter\View\View::extends()
#0 C:\laragon\www\WebSite\system\View\View.php(210): include()
#1 C:\laragon\www\WebSite\system\View\View.php(213): CodeIgniter\View\View->CodeIgniter\View\{closure}()
#2 C:\laragon\www\WebSite\system\Common.php(1089): CodeIgniter\View\View->render('home', Array, true)
#3 C:\laragon\www\WebSite\app\Controllers\Main.php(10): view('home')
#4 C:\laragon\www\WebSite\system\CodeIgniter.php(826): App\Controllers\Main->index()
#5 C:\laragon\www\WebSite\system\CodeIgniter.php(412): CodeIgniter\CodeIgniter->runController(Object(App\Controllers\Main))
#6 C:\laragon\www\WebSite\system\CodeIgniter.php(320): CodeIgniter\CodeIgniter->handleRequest(NULL, Object(Config\Cache), false)
#7 C:\laragon\www\WebSite\public\index.php(40): CodeIgniter\CodeIgniter->run()
#8 {main}
CRITICAL - 2022-04-01 13:10:03 --> Call to undefined method CodeIgniter\View\View::extends()
#0 C:\laragon\www\WebSite\system\View\View.php(210): include()
#1 C:\laragon\www\WebSite\system\View\View.php(213): CodeIgniter\View\View->CodeIgniter\View\{closure}()
#2 C:\laragon\www\WebSite\system\Common.php(1089): CodeIgniter\View\View->render('home', Array, true)
#3 C:\laragon\www\WebSite\app\Controllers\Main.php(10): view('home')
#4 C:\laragon\www\WebSite\system\CodeIgniter.php(826): App\Controllers\Main->index()
#5 C:\laragon\www\WebSite\system\CodeIgniter.php(412): CodeIgniter\CodeIgniter->runController(Object(App\Controllers\Main))
#6 C:\laragon\www\WebSite\system\CodeIgniter.php(320): CodeIgniter\CodeIgniter->handleRequest(NULL, Object(Config\Cache), false)
#7 C:\laragon\www\WebSite\public\index.php(40): CodeIgniter\CodeIgniter->run()
#8 {main}
CRITICAL - 2022-04-01 13:13:29 --> Call to undefined method CodeIgniter\View\View::extends()
#0 C:\laragon\www\WebSite\system\View\View.php(210): include()
#1 C:\laragon\www\WebSite\system\View\View.php(213): CodeIgniter\View\View->CodeIgniter\View\{closure}()
#2 C:\laragon\www\WebSite\system\Common.php(1089): CodeIgniter\View\View->render('home', Array, true)
#3 C:\laragon\www\WebSite\app\Controllers\Main.php(10): view('home')
#4 C:\laragon\www\WebSite\system\CodeIgniter.php(826): App\Controllers\Main->index()
#5 C:\laragon\www\WebSite\system\CodeIgniter.php(412): CodeIgniter\CodeIgniter->runController(Object(App\Controllers\Main))
#6 C:\laragon\www\WebSite\system\CodeIgniter.php(320): CodeIgniter\CodeIgniter->handleRequest(NULL, Object(Config\Cache), false)
#7 C:\laragon\www\WebSite\public\index.php(40): CodeIgniter\CodeIgniter->run()
#8 {main}
